TN:
SF:src/components/AddressInput.tsx
FN:19,isValidStellarAddress
FN:28,truncateAddress
FN:52,AddressInputInner
FN:118,AddressInput
FN:141,handleChange
FN:151,handleBlur
FN:156,handleFocus
FN:160,handlePaste
FNF:8
FNH:8
FNDA:31,isValidStellarAddress
FNDA:6,truncateAddress
FNDA:31,AddressInputInner
FNDA:31,AddressInput
FNDA:1,handleChange
FNDA:4,handleBlur
FNDA:7,handleFocus
FNDA:2,handlePaste
DA:1,1
DA:19,31
DA:20,31
DA:22,18
DA:23,18
DA:28,1
DA:29,6
DA:30,4
DA:31,4
DA:52,31
DA:53,31
DA:54,31
DA:55,31
DA:56,31
DA:57,31
DA:58,31
DA:59,31
DA:60,31
DA:61,31
DA:62,31
DA:63,31
DA:64,31
DA:65,31
DA:66,31
DA:67,31
DA:68,31
DA:69,31
DA:71,31
DA:72,31
DA:73,31
DA:74,31
DA:75,31
DA:76,31
DA:77,31
DA:78,31
DA:79,31
DA:80,31
DA:81,31
DA:82,31
DA:83,31
DA:84,31
DA:85,31
DA:86,31
DA:87,31
DA:89,31
DA:90,31
DA:91,31
DA:92,31
DA:93,31
DA:94,31
DA:95,31
DA:97,31
DA:98,31
DA:99,31
DA:100,31
DA:101,31
DA:102,31
DA:103,31
DA:105,31
DA:106,31
DA:107,31
DA:108,31
DA:109,31
DA:110,31
DA:111,31
DA:112,31
DA:113,31
DA:114,31
DA:116,31
DA:118,31
DA:119,31
DA:120,31
DA:121,31
DA:122,31
DA:123,31
DA:124,31
DA:125,31
DA:126,31
DA:127,31
DA:128,31
DA:129,31
DA:131,31
DA:132,31
DA:133,31
DA:134,31
DA:137,31
DA:138,18
DA:139,31
DA:141,31
DA:142,1
DA:143,1
DA:146,1
DA:147,1
DA:148,1
DA:149,1
DA:151,31
DA:152,4
DA:153,4
DA:154,4
DA:156,31
DA:157,7
DA:158,7
DA:160,31
DA:161,2
DA:162,2
DA:163,1
DA:164,1
DA:165,1
DA:168,1
DA:169,1
DA:170,1
DA:171,2
DA:174,1
DA:175,1
DA:176,1
DA:177,1
DA:178,2
DA:180,31
DA:181,31
DA:183,31
DA:184,31
DA:185,31
DA:186,31
DA:187,31
DA:188,31
DA:189,31
DA:190,31
DA:191,31
DA:192,31
DA:193,31
DA:194,31
DA:195,31
DA:196,31
DA:197,31
DA:198,31
DA:201,31
DA:202,2
DA:203,2
DA:204,2
DA:205,2
DA:209,31
DA:210,18
DA:211,18
DA:212,18
DA:214,31
DA:216,31
LF:146
LH:146
BRDA:19,0,0,31
BRDA:20,1,0,13
BRDA:20,2,0,18
BRDA:28,3,0,6
BRDA:29,4,0,2
BRDA:29,5,0,4
BRDA:52,6,0,31
BRDA:69,7,0,10
BRDA:69,8,0,21
BRDA:69,9,0,3
BRDA:69,10,0,28
BRDA:69,11,0,2
BRDA:69,12,0,29
BRDA:118,13,0,31
BRDA:133,14,0,8
BRDA:133,15,0,6
BRDA:134,16,0,8
BRDA:180,17,0,3
BRDA:180,18,0,28
BRDA:201,19,0,2
BRDA:201,20,0,2
BRDA:209,21,0,18
BRDA:137,22,0,18
BRDA:138,23,0,8
BRDA:141,24,0,1
BRDA:151,25,0,4
BRDA:156,26,0,7
BRDA:160,27,0,2
BRDA:162,28,0,1
BRDA:171,29,0,1
BRF:30
BRH:30
end_of_record
TN:
SF:src/components/ConfirmDialog.tsx
FN:27,ConfirmDialog
FN:77,handleConfirm
FN:82,handleBackdropClick
FN:103,onClick
FN:140,onChange
FNF:5
FNH:5
FNDA:98,ConfirmDialog
FNDA:1,handleConfirm
FNDA:1,handleBackdropClick
FNDA:9,onClick
FNDA:40,onChange
DA:1,1
DA:7,1
DA:27,98
DA:28,98
DA:29,98
DA:30,98
DA:31,98
DA:32,98
DA:33,98
DA:34,98
DA:35,98
DA:36,98
DA:37,98
DA:38,98
DA:39,98
DA:40,98
DA:41,98
DA:42,98
DA:43,98
DA:45,98
DA:46,3
DA:47,98
DA:49,98
DA:50,98
DA:51,98
DA:52,98
DA:53,98
DA:54,98
DA:55,98
DA:57,98
DA:58,30
DA:59,4
DA:60,4
DA:61,4
DA:62,4
DA:64,30
DA:65,30
DA:67,30
DA:68,30
DA:70,30
DA:71,26
DA:72,26
DA:73,98
DA:75,98
DA:77,98
DA:78,1
DA:79,1
DA:80,1
DA:82,98
DA:83,1
DA:84,1
DA:85,1
DA:86,1
DA:88,98
DA:90,92
DA:91,92
DA:92,92
DA:93,92
DA:94,92
DA:96,92
DA:97,92
DA:98,92
DA:99,92
DA:100,92
DA:101,92
DA:102,92
DA:103,92
DA:105,92
DA:106,92
DA:107,92
DA:109,92
DA:110,92
DA:111,92
DA:112,92
DA:113,98
DA:114,98
DA:116,98
DA:117,98
DA:118,98
DA:119,98
DA:120,98
DA:121,98
DA:122,98
DA:123,98
DA:124,98
DA:125,98
DA:126,98
DA:127,98
DA:128,98
DA:129,98
DA:130,98
DA:132,98
DA:133,98
DA:134,98
DA:135,98
DA:136,98
DA:137,98
DA:138,98
DA:139,98
DA:140,98
DA:141,98
DA:142,98
DA:143,98
DA:144,98
DA:145,98
DA:146,98
DA:148,98
DA:149,98
DA:150,98
DA:152,98
DA:153,98
DA:155,98
DA:156,98
DA:157,98
DA:158,98
DA:159,98
DA:160,98
DA:161,98
DA:163,98
DA:164,98
DA:165,98
DA:166,98
DA:167,98
DA:168,98
DA:169,98
DA:170,98
LF:126
LH:126
BRDA:27,0,0,98
BRDA:88,1,0,6
BRDA:88,2,0,92
BRDA:113,3,0,2
BRDA:45,4,0,3
BRDA:57,5,0,30
BRDA:58,6,0,4
BRDA:62,7,0,26
BRDA:64,8,0,1
BRDA:64,9,0,25
BRDA:70,10,0,26
BRDA:77,11,0,1
BRDA:78,12,0,0
BRDA:82,13,0,1
BRDA:103,14,0,9
BRDA:140,15,0,40
BRF:16
BRH:15
end_of_record
TN:
SF:src/components/forms/FormField.tsx
FN:12,FormField
FNF:1
FNH:1
FNDA:64,FormField
DA:1,1
DA:12,1
DA:13,64
DA:14,64
DA:15,64
DA:17,64
DA:18,64
DA:19,64
DA:21,64
DA:22,59
DA:23,59
DA:24,59
DA:27,64
DA:28,64
DA:29,64
DA:30,64
DA:31,64
DA:32,64
DA:34,64
DA:35,9
DA:36,9
DA:37,9
DA:39,64
DA:41,64
LF:24
LH:24
BRDA:12,0,0,64
BRDA:13,1,0,59
BRDA:13,2,0,5
BRDA:14,3,0,9
BRDA:14,4,0,55
BRDA:21,5,0,59
BRDA:30,6,0,3
BRDA:31,7,0,9
BRDA:31,8,0,55
BRDA:34,9,0,9
BRF:10
BRH:10
end_of_record
TN:
SF:src/hooks/useFocusTrap.ts
FN:6,getFocusableElements
FN:24,useFocusTrap
FN:42,focusInitial
FN:53,handleKeyDown
FNF:4
FNH:4
FNDA:25,getFocusableElements
FNDA:158,useFocusTrap
FNDA:50,focusInitial
FNDA:47,handleKeyDown
DA:1,1
DA:3,1
DA:4,1
DA:6,25
DA:7,25
DA:8,25
DA:9,25
DA:10,25
DA:24,1
DA:25,158
DA:26,158
DA:27,158
DA:28,158
DA:29,158
DA:30,158
DA:31,158
DA:32,158
DA:34,158
DA:35,90
DA:37,50
DA:38,50
DA:40,50
DA:42,50
DA:43,50
DA:44,27
DA:45,27
DA:46,27
DA:47,23
DA:48,50
DA:49,50
DA:51,50
DA:53,50
DA:54,47
DA:55,4
DA:56,4
DA:57,4
DA:58,4
DA:60,43
DA:62,2
DA:63,2
DA:65,2
DA:66,2
DA:67,2
DA:69,4
DA:70,1
DA:71,1
DA:72,1
DA:73,1
DA:74,1
DA:75,1
DA:76,1
DA:77,1
DA:78,47
DA:80,50
DA:82,50
DA:83,50
DA:85,50
DA:87,50
DA:88,50
DA:89,49
DA:90,49
DA:91,50
DA:92,158
DA:93,158
DA:94,158
DA:95,158
DA:96,158
DA:97,158
DA:98,158
DA:99,158
DA:100,158
LF:71
LH:71
BRDA:6,0,0,25
BRDA:8,1,0,105
BRDA:8,2,0,75
BRDA:24,3,0,158
BRDA:34,4,0,90
BRDA:35,5,0,40
BRDA:35,6,0,50
BRDA:38,7,0,0
BRDA:38,8,0,50
BRDA:42,9,0,50
BRDA:43,10,0,27
BRDA:43,11,0,27
BRDA:46,12,0,23
BRDA:48,13,0,8
BRDA:53,14,0,47
BRDA:54,15,0,4
BRDA:58,16,0,45
BRDA:58,17,0,44
BRDA:58,18,0,43
BRDA:60,19,0,41
BRDA:60,20,0,4
BRDA:60,21,0,2
BRDA:63,22,0,0
BRDA:63,23,0,2
BRDA:69,24,0,1
BRDA:70,25,0,0
BRDA:82,26,0,50
BRDA:85,27,0,1
BRDA:85,28,0,49
BRDA:87,29,0,17
BRDA:87,30,0,39
BRDA:88,31,0,49
BRDA:88,32,0,49
BRDA:89,33,0,49
BRF:34
BRH:31
end_of_record
