TN:
SF:src/components/AddressInput.tsx
FN:19,isValidStellarAddress
FN:28,truncateAddress
FN:52,AddressInputInner
FN:118,AddressInput
FN:141,handleChange
FN:151,handleBlur
FN:156,handleFocus
FN:160,handlePaste
FNF:8
FNH:8
FNDA:31,isValidStellarAddress
FNDA:6,truncateAddress
FNDA:31,AddressInputInner
FNDA:31,AddressInput
FNDA:1,handleChange
FNDA:4,handleBlur
FNDA:7,handleFocus
FNDA:2,handlePaste
DA:1,1
DA:19,31
DA:20,31
DA:22,18
DA:23,18
DA:28,1
DA:29,6
DA:30,4
DA:31,4
DA:52,31
DA:53,31
DA:54,31
DA:55,31
DA:56,31
DA:57,31
DA:58,31
DA:59,31
DA:60,31
DA:61,31
DA:62,31
DA:63,31
DA:64,31
DA:65,31
DA:66,31
DA:67,31
DA:68,31
DA:69,31
DA:71,31
DA:72,31
DA:73,31
DA:74,31
DA:75,31
DA:76,31
DA:77,31
DA:78,31
DA:79,31
DA:80,31
DA:81,31
DA:82,31
DA:83,31
DA:84,31
DA:85,31
DA:86,31
DA:87,31
DA:89,31
DA:90,31
DA:91,31
DA:92,31
DA:93,31
DA:94,31
DA:95,31
DA:97,31
DA:98,31
DA:99,31
DA:100,31
DA:101,31
DA:102,31
DA:103,31
DA:105,31
DA:106,31
DA:107,31
DA:108,31
DA:109,31
DA:110,31
DA:111,31
DA:112,31
DA:113,31
DA:114,31
DA:116,31
DA:118,31
DA:119,31
DA:120,31
DA:121,31
DA:122,31
DA:123,31
DA:124,31
DA:125,31
DA:126,31
DA:127,31
DA:128,31
DA:129,31
DA:131,31
DA:132,31
DA:133,31
DA:134,31
DA:137,31
DA:138,18
DA:139,31
DA:141,31
DA:142,1
DA:143,1
DA:146,1
DA:147,1
DA:148,1
DA:149,1
DA:151,31
DA:152,4
DA:153,4
DA:154,4
DA:156,31
DA:157,7
DA:158,7
DA:160,31
DA:161,2
DA:162,2
DA:163,1
DA:164,1
DA:165,1
DA:168,1
DA:169,1
DA:170,1
DA:171,2
DA:174,1
DA:175,1
DA:176,1
DA:177,1
DA:178,2
DA:180,31
DA:181,31
DA:183,31
DA:184,31
DA:185,31
DA:186,31
DA:187,31
DA:188,31
DA:189,31
DA:190,31
DA:191,31
DA:192,31
DA:193,31
DA:194,31
DA:195,31
DA:196,31
DA:197,31
DA:198,31
DA:201,31
DA:202,2
DA:203,2
DA:204,2
DA:205,2
DA:209,31
DA:210,18
DA:211,18
DA:212,18
DA:214,31
DA:216,31
LF:146
LH:146
BRDA:19,0,0,31
BRDA:20,1,0,13
BRDA:20,2,0,18
BRDA:28,3,0,6
BRDA:29,4,0,2
BRDA:29,5,0,4
BRDA:52,6,0,31
BRDA:69,7,0,10
BRDA:69,8,0,21
BRDA:69,9,0,3
BRDA:69,10,0,28
BRDA:69,11,0,2
BRDA:69,12,0,29
BRDA:118,13,0,31
BRDA:133,14,0,8
BRDA:133,15,0,6
BRDA:134,16,0,8
BRDA:180,17,0,3
BRDA:180,18,0,28
BRDA:201,19,0,2
BRDA:201,20,0,2
BRDA:209,21,0,18
BRDA:137,22,0,18
BRDA:138,23,0,8
BRDA:141,24,0,1
BRDA:151,25,0,4
BRDA:156,26,0,7
BRDA:160,27,0,2
BRDA:162,28,0,1
BRDA:171,29,0,1
BRF:30
BRH:30
end_of_record
